2025-02-05 11:58:28,664 INFO o.a.j.u.JMeterUtils: Setting Locale to en_EN
2025-02-05 11:58:28,701 INFO o.a.j.JMeter: Loading user properties from: user.properties
2025-02-05 11:58:28,704 INFO o.a.j.JMeter: Loading system properties from: system.properties
2025-02-05 11:58:28,718 INFO o.a.j.JMeter: Copyright (c) 1998-2024 The Apache Software Foundation
2025-02-05 11:58:28,718 INFO o.a.j.JMeter: Version 5.6.3
2025-02-05 11:58:28,718 INFO o.a.j.JMeter: java.version=22.0.1
2025-02-05 11:58:28,718 INFO o.a.j.JMeter: java.vm.name=Java HotSpot(TM) 64-Bit Server VM
2025-02-05 11:58:28,718 INFO o.a.j.JMeter: os.name=Windows 11
2025-02-05 11:58:28,718 INFO o.a.j.JMeter: os.arch=amd64
2025-02-05 11:58:28,719 INFO o.a.j.JMeter: os.version=10.0
2025-02-05 11:58:28,719 INFO o.a.j.JMeter: file.encoding=UTF-8
2025-02-05 11:58:28,719 INFO o.a.j.JMeter: java.awt.headless=null
2025-02-05 11:58:28,719 INFO o.a.j.JMeter: Max memory     =1073741824
2025-02-05 11:58:28,719 INFO o.a.j.JMeter: Available Processors =8
2025-02-05 11:58:28,744 INFO o.a.j.JMeter: Default Locale=English (EN)
2025-02-05 11:58:28,745 INFO o.a.j.JMeter: JMeter  Locale=English (EN)
2025-02-05 11:58:28,745 INFO o.a.j.JMeter: JMeterHome=C:\Users\Admin\Downloads\apache-jmeter-5.6.3\apache-jmeter-5.6.3
2025-02-05 11:58:28,745 INFO o.a.j.JMeter: user.dir  =C:\Users\Admin\Downloads\apache-jmeter-5.6.3\apache-jmeter-5.6.3\bin
2025-02-05 11:58:28,746 INFO o.a.j.JMeter: PWD       =C:\Users\Admin\Downloads\apache-jmeter-5.6.3\apache-jmeter-5.6.3\bin
2025-02-05 11:58:28,748 INFO o.a.j.JMeter: IP: 192.168.0.200 Name: LAPTOP-O9QLCQA0 FullName: LAPTOP-O9QLCQA0
2025-02-05 11:58:28,767 INFO o.a.j.JMeter: Loaded icon properties from org/apache/jmeter/images/icon.properties
2025-02-05 11:58:29,049 INFO o.a.j.JMeterGuiLauncher: Setting LAF to: com.github.weisj.darklaf.DarkLaf:com.github.weisj.darklaf.theme.DarculaTheme
2025-02-05 11:58:30,616 INFO o.a.j.r.ClassFinder: Will scan jar C:\Users\Admin\Downloads\apache-jmeter-5.6.3\apache-jmeter-5.6.3\lib\ext\jmeter-plugins-casutg-3.0.jar with filter ExtendsClassFilter [parents=[interface org.apache.jmeter.gui.action.Command], inner=false, contains=null, notContains=null]. Consider exposing JMeter plugins via META-INF/services, and add JMeter-Skip-Class-Scanning=true manifest attribute so JMeter can skip classfile scanning
2025-02-05 11:58:30,636 INFO o.a.j.r.ClassFinder: Will scan jar C:\Users\Admin\Downloads\apache-jmeter-5.6.3\apache-jmeter-5.6.3\lib\ext\jmeter-plugins-manager-1.10.jar with filter ExtendsClassFilter [parents=[interface org.apache.jmeter.gui.action.Command], inner=false, contains=null, notContains=null]. Consider exposing JMeter plugins via META-INF/services, and add JMeter-Skip-Class-Scanning=true manifest attribute so JMeter can skip classfile scanning
2025-02-05 11:58:30,866 INFO o.a.j.r.ClassFinder: Will scan jar C:\Users\Admin\Downloads\apache-jmeter-5.6.3\apache-jmeter-5.6.3\lib\ext\jmeter-plugins-casutg-3.0.jar with filter ExtendsClassFilter [parents=[interface org.apache.jmeter.gui.plugin.MenuCreator], inner=false, contains=null, notContains=null]. Consider exposing JMeter plugins via META-INF/services, and add JMeter-Skip-Class-Scanning=true manifest attribute so JMeter can skip classfile scanning
2025-02-05 11:58:30,868 INFO o.a.j.r.ClassFinder: Will scan jar C:\Users\Admin\Downloads\apache-jmeter-5.6.3\apache-jmeter-5.6.3\lib\ext\jmeter-plugins-manager-1.10.jar with filter ExtendsClassFilter [parents=[interface org.apache.jmeter.gui.plugin.MenuCreator], inner=false, contains=null, notContains=null]. Consider exposing JMeter plugins via META-INF/services, and add JMeter-Skip-Class-Scanning=true manifest attribute so JMeter can skip classfile scanning
2025-02-05 11:58:30,996 INFO o.j.r.JARSourceHTTP: Found cached repo
2025-02-05 11:58:31,299 INFO o.j.r.PluginManager: Plugins Status: [jpgc-casutg=3.0, jpgc-plugins-manager=1.10, jmeter-core=5.6.3, jmeter-ftp=5.6.3, jmeter-http=5.6.3, jmeter-jdbc=5.6.3, jmeter-jms=5.6.3, jmeter-junit=5.6.3, jmeter-java=5.6.3, jmeter-ldap=5.6.3, jmeter-mail=5.6.3, jmeter-mongodb=5.6.3, jmeter-native=5.6.3, jmeter-tcp=5.6.3, jmeter-components=5.6.3]
2025-02-05 11:58:32,485 INFO o.a.j.JMeterGuiLauncher: Loading file: C:\Users\Admin\Downloads\apache-jmeter-5.6.3\apache-jmeter-5.6.3\bin\HTTP Request testing.jmx
2025-02-05 11:58:32,489 INFO o.a.j.s.FileServer: Default base='C:\Users\Admin\Downloads\apache-jmeter-5.6.3\apache-jmeter-5.6.3\bin'
2025-02-05 11:58:32,493 INFO o.a.j.s.FileServer: Set new base='C:\Users\Admin\Downloads\apache-jmeter-5.6.3\apache-jmeter-5.6.3\bin'
2025-02-05 11:58:33,120 INFO o.a.j.s.SaveService: Testplan (JMX) version: 2.2. Testlog (JTL) version: 2.2
2025-02-05 11:58:33,141 INFO o.a.j.s.SaveService: Using SaveService properties version 5.0
2025-02-05 11:58:33,151 INFO o.a.j.s.SaveService: Using SaveService properties file encoding UTF-8
2025-02-05 11:58:33,158 INFO o.a.j.s.SaveService: Loading file: C:\Users\Admin\Downloads\apache-jmeter-5.6.3\apache-jmeter-5.6.3\bin\HTTP Request testing.jmx
2025-02-05 11:58:33,437 INFO o.a.j.p.h.s.HTTPSamplerBase: Parser for text/html is org.apache.jmeter.protocol.http.parser.LagartoBasedHtmlParser
2025-02-05 11:58:33,438 INFO o.a.j.p.h.s.HTTPSamplerBase: Parser for application/xhtml+xml is org.apache.jmeter.protocol.http.parser.LagartoBasedHtmlParser
2025-02-05 11:58:33,438 INFO o.a.j.p.h.s.HTTPSamplerBase: Parser for application/xml is org.apache.jmeter.protocol.http.parser.LagartoBasedHtmlParser
2025-02-05 11:58:33,438 INFO o.a.j.p.h.s.HTTPSamplerBase: Parser for text/xml is org.apache.jmeter.protocol.http.parser.LagartoBasedHtmlParser
2025-02-05 11:58:33,438 INFO o.a.j.p.h.s.HTTPSamplerBase: Parser for text/vnd.wap.wml is org.apache.jmeter.protocol.http.parser.RegexpHTMLParser
2025-02-05 11:58:33,438 INFO o.a.j.p.h.s.HTTPSamplerBase: Parser for text/css is org.apache.jmeter.protocol.http.parser.CssParser
2025-02-05 11:58:33,571 INFO o.a.j.s.FileServer: Set new base='C:\Users\Admin\Downloads\apache-jmeter-5.6.3\apache-jmeter-5.6.3\bin'
2025-02-05 11:58:33,966 INFO o.a.j.s.SampleResult: Note: Sample TimeStamps are START times
2025-02-05 11:58:33,966 INFO o.a.j.s.SampleResult: sampleresult.default.encoding is set to UTF-8
2025-02-05 11:58:33,966 INFO o.a.j.s.SampleResult: sampleresult.useNanoTime=true
2025-02-05 11:58:33,966 INFO o.a.j.s.SampleResult: sampleresult.nanoThreadSleep=5000
2025-02-05 11:58:34,188 INFO o.a.j.r.ClassFinder: Will scan jar C:\Users\Admin\Downloads\apache-jmeter-5.6.3\apache-jmeter-5.6.3\lib\ext\jmeter-plugins-casutg-3.0.jar with filter ExtendsClassFilter [parents=[interface org.apache.jmeter.visualizers.ResultRenderer], inner=false, contains=null, notContains=null]. Consider exposing JMeter plugins via META-INF/services, and add JMeter-Skip-Class-Scanning=true manifest attribute so JMeter can skip classfile scanning
2025-02-05 11:58:34,191 INFO o.a.j.r.ClassFinder: Will scan jar C:\Users\Admin\Downloads\apache-jmeter-5.6.3\apache-jmeter-5.6.3\lib\ext\jmeter-plugins-manager-1.10.jar with filter ExtendsClassFilter [parents=[interface org.apache.jmeter.visualizers.ResultRenderer], inner=false, contains=null, notContains=null]. Consider exposing JMeter plugins via META-INF/services, and add JMeter-Skip-Class-Scanning=true manifest attribute so JMeter can skip classfile scanning
2025-02-05 11:58:34,263 INFO o.a.j.r.ClassFinder: Will scan jar C:\Users\Admin\Downloads\apache-jmeter-5.6.3\apache-jmeter-5.6.3\lib\ext\jmeter-plugins-casutg-3.0.jar with filter ExtendsClassFilter [parents=[interface org.apache.jmeter.visualizers.RequestView], inner=false, contains=null, notContains=null]. Consider exposing JMeter plugins via META-INF/services, and add JMeter-Skip-Class-Scanning=true manifest attribute so JMeter can skip classfile scanning
2025-02-05 11:58:34,266 INFO o.a.j.r.ClassFinder: Will scan jar C:\Users\Admin\Downloads\apache-jmeter-5.6.3\apache-jmeter-5.6.3\lib\ext\jmeter-plugins-manager-1.10.jar with filter ExtendsClassFilter [parents=[interface org.apache.jmeter.visualizers.RequestView], inner=false, contains=null, notContains=null]. Consider exposing JMeter plugins via META-INF/services, and add JMeter-Skip-Class-Scanning=true manifest attribute so JMeter can skip classfile scanning
2025-02-05 11:59:21,500 INFO o.a.j.e.u.CompoundVariable: Note: Function class names must contain the string: '.functions.'
2025-02-05 11:59:21,501 INFO o.a.j.e.u.CompoundVariable: Note: Function class names must not contain the string: '.gui.'
2025-02-05 11:59:21,564 INFO o.a.j.r.ClassFinder: Will scan jar C:\Users\Admin\Downloads\apache-jmeter-5.6.3\apache-jmeter-5.6.3\lib\ext\jmeter-plugins-casutg-3.0.jar with filter ExtendsClassFilter [parents=[interface org.apache.jmeter.functions.Function], inner=false, contains=null, notContains=null]. Consider exposing JMeter plugins via META-INF/services, and add JMeter-Skip-Class-Scanning=true manifest attribute so JMeter can skip classfile scanning
2025-02-05 11:59:21,566 INFO o.a.j.r.ClassFinder: Will scan jar C:\Users\Admin\Downloads\apache-jmeter-5.6.3\apache-jmeter-5.6.3\lib\ext\jmeter-plugins-manager-1.10.jar with filter ExtendsClassFilter [parents=[interface org.apache.jmeter.functions.Function], inner=false, contains=null, notContains=null]. Consider exposing JMeter plugins via META-INF/services, and add JMeter-Skip-Class-Scanning=true manifest attribute so JMeter can skip classfile scanning
2025-02-05 12:05:43,799 INFO o.a.j.e.StandardJMeterEngine: Running the test!
2025-02-05 12:05:43,799 INFO o.a.j.s.SampleEvent: List of sample_variables: []
2025-02-05 12:05:43,800 INFO o.a.j.s.SampleEvent: List of sample_variables: []
2025-02-05 12:05:43,802 INFO o.a.j.g.u.JMeterMenuBar: setRunning(true, *local*)
2025-02-05 12:05:43,852 INFO o.a.j.e.StandardJMeterEngine: Starting ThreadGroup: 1 : Thread Group
2025-02-05 12:05:43,852 INFO o.a.j.e.StandardJMeterEngine: Starting 50 threads for group Thread Group.
2025-02-05 12:05:43,852 INFO o.a.j.e.StandardJMeterEngine: Thread will continue on error
2025-02-05 12:05:43,853 INFO o.a.j.t.ThreadGroup: Starting thread group... number=1 threads=50 ramp-up=300 delayedStart=false
2025-02-05 12:05:43,856 INFO o.a.j.t.JMeterThread: Thread started: Thread Group 1-1
2025-02-05 12:05:43,870 INFO o.a.j.t.ThreadGroup: Started thread group number 1
2025-02-05 12:05:43,871 INFO o.a.j.e.StandardJMeterEngine: All thread groups have been started
2025-02-05 12:05:43,877 INFO o.a.j.p.h.s.HTTPHCAbstractImpl: Local host = LAPTOP-O9QLCQA0
2025-02-05 12:05:43,889 INFO o.a.j.p.h.s.HTTPHC4Impl: HTTP request retry count = 0
2025-02-05 12:05:44,065 INFO o.a.j.p.h.s.h.LazyLayeredConnectionSocketFactory: Setting up HTTPS TrustAll Socket Factory
2025-02-05 12:05:44,069 INFO o.a.j.u.JsseSSLManager: Using default SSL protocol: TLS
2025-02-05 12:05:44,070 INFO o.a.j.u.JsseSSLManager: SSL session context: per-thread
2025-02-05 12:05:44,137 INFO o.a.j.u.SSLManager: JmeterKeyStore Location:  type JKS
2025-02-05 12:05:44,137 INFO o.a.j.u.SSLManager: KeyStore created OK
2025-02-05 12:05:44,137 WARN o.a.j.u.SSLManager: Keystore file not found, loading empty keystore
2025-02-05 12:05:49,856 INFO o.a.j.t.JMeterThread: Thread started: Thread Group 1-2
2025-02-05 12:05:55,855 INFO o.a.j.t.JMeterThread: Thread started: Thread Group 1-3
2025-02-05 12:06:01,856 INFO o.a.j.t.JMeterThread: Thread started: Thread Group 1-4
2025-02-05 12:06:07,869 INFO o.a.j.t.JMeterThread: Thread started: Thread Group 1-5
2025-02-05 12:06:13,864 INFO o.a.j.t.JMeterThread: Thread started: Thread Group 1-6
2025-02-05 12:06:19,858 INFO o.a.j.t.JMeterThread: Thread started: Thread Group 1-7
2025-02-05 12:06:25,855 INFO o.a.j.t.JMeterThread: Thread started: Thread Group 1-8
2025-02-05 12:06:31,860 INFO o.a.j.t.JMeterThread: Thread started: Thread Group 1-9
2025-02-05 12:06:37,865 INFO o.a.j.t.JMeterThread: Thread started: Thread Group 1-10
2025-02-05 12:06:43,868 INFO o.a.j.t.JMeterThread: Thread started: Thread Group 1-11
2025-02-05 12:06:49,858 INFO o.a.j.t.JMeterThread: Thread started: Thread Group 1-12
2025-02-05 12:06:55,869 INFO o.a.j.t.JMeterThread: Thread started: Thread Group 1-13
2025-02-05 12:07:01,854 INFO o.a.j.t.JMeterThread: Thread started: Thread Group 1-14
2025-02-05 12:07:07,868 INFO o.a.j.t.JMeterThread: Thread started: Thread Group 1-15
2025-02-05 12:07:13,866 INFO o.a.j.t.JMeterThread: Thread started: Thread Group 1-16
2025-02-05 12:07:19,866 INFO o.a.j.t.JMeterThread: Thread started: Thread Group 1-17
2025-02-05 12:07:25,864 INFO o.a.j.t.JMeterThread: Thread started: Thread Group 1-18
2025-02-05 12:07:31,865 INFO o.a.j.t.JMeterThread: Thread started: Thread Group 1-19
2025-02-05 12:07:37,869 INFO o.a.j.t.JMeterThread: Thread started: Thread Group 1-20
2025-02-05 12:07:43,861 INFO o.a.j.t.JMeterThread: Thread started: Thread Group 1-21
2025-02-05 12:07:49,863 INFO o.a.j.t.JMeterThread: Thread started: Thread Group 1-22
2025-02-05 12:07:55,860 INFO o.a.j.t.JMeterThread: Thread started: Thread Group 1-23
2025-02-05 12:08:01,857 INFO o.a.j.t.JMeterThread: Thread started: Thread Group 1-24
2025-02-05 12:08:07,860 INFO o.a.j.t.JMeterThread: Thread started: Thread Group 1-25
2025-02-05 12:08:13,867 INFO o.a.j.t.JMeterThread: Thread started: Thread Group 1-26
2025-02-05 12:08:19,864 INFO o.a.j.t.JMeterThread: Thread started: Thread Group 1-27
2025-02-05 12:08:25,857 INFO o.a.j.t.JMeterThread: Thread started: Thread Group 1-28
2025-02-05 12:08:31,868 INFO o.a.j.t.JMeterThread: Thread started: Thread Group 1-29
2025-02-05 12:08:37,864 INFO o.a.j.t.JMeterThread: Thread started: Thread Group 1-30
2025-02-05 12:08:43,894 INFO o.a.j.t.JMeterThread: Thread started: Thread Group 1-31
2025-02-05 12:08:49,855 INFO o.a.j.t.JMeterThread: Thread started: Thread Group 1-32
2025-02-05 12:08:55,868 INFO o.a.j.t.JMeterThread: Thread started: Thread Group 1-33
2025-02-05 12:09:01,854 INFO o.a.j.t.JMeterThread: Thread started: Thread Group 1-34
2025-02-05 12:09:07,868 INFO o.a.j.t.JMeterThread: Thread started: Thread Group 1-35
2025-02-05 12:09:13,866 INFO o.a.j.t.JMeterThread: Thread started: Thread Group 1-36
2025-02-05 12:09:19,861 INFO o.a.j.t.JMeterThread: Thread started: Thread Group 1-37
2025-02-05 12:09:25,854 INFO o.a.j.t.JMeterThread: Thread started: Thread Group 1-38
2025-02-05 12:09:31,867 INFO o.a.j.t.JMeterThread: Thread started: Thread Group 1-39
2025-02-05 12:09:37,863 INFO o.a.j.t.JMeterThread: Thread started: Thread Group 1-40
2025-02-05 12:09:43,876 INFO o.a.j.t.JMeterThread: Thread started: Thread Group 1-41
2025-02-05 12:09:49,861 INFO o.a.j.t.JMeterThread: Thread started: Thread Group 1-42
2025-02-05 12:09:55,875 INFO o.a.j.t.JMeterThread: Thread started: Thread Group 1-43
2025-02-05 12:10:01,869 INFO o.a.j.t.JMeterThread: Thread started: Thread Group 1-44
2025-02-05 12:10:07,859 INFO o.a.j.t.JMeterThread: Thread started: Thread Group 1-45
2025-02-05 12:10:13,869 INFO o.a.j.t.JMeterThread: Thread started: Thread Group 1-46
2025-02-05 12:10:19,863 INFO o.a.j.t.JMeterThread: Thread started: Thread Group 1-47
2025-02-05 12:10:25,858 INFO o.a.j.t.JMeterThread: Thread started: Thread Group 1-48
2025-02-05 12:10:31,860 INFO o.a.j.t.JMeterThread: Thread started: Thread Group 1-49
2025-02-05 12:10:37,867 INFO o.a.j.t.JMeterThread: Thread started: Thread Group 1-50
2025-02-05 12:10:43,922 INFO o.a.j.t.JMeterThread: Stopping because end time detected by thread: Thread Group 1-16
2025-02-05 12:10:43,922 INFO o.a.j.t.JMeterThread: Thread finished: Thread Group 1-16
2025-02-05 12:10:43,943 INFO o.a.j.t.JMeterThread: Stopping because end time detected by thread: Thread Group 1-36
2025-02-05 12:10:43,943 INFO o.a.j.t.JMeterThread: Thread finished: Thread Group 1-36
2025-02-05 12:10:43,958 INFO o.a.j.t.JMeterThread: Stopping because end time detected by thread: Thread Group 1-21
2025-02-05 12:10:43,959 INFO o.a.j.t.JMeterThread: Stopping because end time detected by thread: Thread Group 1-31
2025-02-05 12:10:43,959 INFO o.a.j.t.JMeterThread: Stopping because end time detected by thread: Thread Group 1-47
2025-02-05 12:10:43,959 INFO o.a.j.t.JMeterThread: Thread finished: Thread Group 1-21
2025-02-05 12:10:43,959 INFO o.a.j.t.JMeterThread: Thread finished: Thread Group 1-31
2025-02-05 12:10:43,959 INFO o.a.j.t.JMeterThread: Thread finished: Thread Group 1-47
2025-02-05 12:10:43,972 INFO o.a.j.t.JMeterThread: Stopping because end time detected by thread: Thread Group 1-35
2025-02-05 12:10:43,973 INFO o.a.j.t.JMeterThread: Thread finished: Thread Group 1-35
2025-02-05 12:10:43,980 INFO o.a.j.t.JMeterThread: Stopping because end time detected by thread: Thread Group 1-25
2025-02-05 12:10:43,980 INFO o.a.j.t.JMeterThread: Thread finished: Thread Group 1-25
2025-02-05 12:10:43,986 INFO o.a.j.t.JMeterThread: Stopping because end time detected by thread: Thread Group 1-11
2025-02-05 12:10:43,986 INFO o.a.j.t.JMeterThread: Thread finished: Thread Group 1-11
2025-02-05 12:10:44,064 INFO o.a.j.t.JMeterThread: Stopping because end time detected by thread: Thread Group 1-32
2025-02-05 12:10:44,064 INFO o.a.j.t.JMeterThread: Thread finished: Thread Group 1-32
2025-02-05 12:10:44,088 INFO o.a.j.t.JMeterThread: Stopping because end time detected by thread: Thread Group 1-34
2025-02-05 12:10:44,089 INFO o.a.j.t.JMeterThread: Stopping because end time detected by thread: Thread Group 1-43
2025-02-05 12:10:44,089 INFO o.a.j.t.JMeterThread: Thread finished: Thread Group 1-43
2025-02-05 12:10:44,089 INFO o.a.j.t.JMeterThread: Thread finished: Thread Group 1-34
2025-02-05 12:10:44,116 INFO o.a.j.t.JMeterThread: Stopping because end time detected by thread: Thread Group 1-4
2025-02-05 12:10:44,116 INFO o.a.j.t.JMeterThread: Thread finished: Thread Group 1-4
2025-02-05 12:10:44,121 INFO o.a.j.t.JMeterThread: Stopping because end time detected by thread: Thread Group 1-19
2025-02-05 12:10:44,121 INFO o.a.j.t.JMeterThread: Thread finished: Thread Group 1-19
2025-02-05 12:10:44,133 INFO o.a.j.t.JMeterThread: Stopping because end time detected by thread: Thread Group 1-23
2025-02-05 12:10:44,134 INFO o.a.j.t.JMeterThread: Thread finished: Thread Group 1-23
2025-02-05 12:10:44,134 INFO o.a.j.t.JMeterThread: Stopping because end time detected by thread: Thread Group 1-49
2025-02-05 12:10:44,134 INFO o.a.j.t.JMeterThread: Thread finished: Thread Group 1-49
2025-02-05 12:10:44,151 INFO o.a.j.t.JMeterThread: Stopping because end time detected by thread: Thread Group 1-18
2025-02-05 12:10:44,152 INFO o.a.j.t.JMeterThread: Thread finished: Thread Group 1-18
2025-02-05 12:10:44,162 INFO o.a.j.t.JMeterThread: Stopping because end time detected by thread: Thread Group 1-20
2025-02-05 12:10:44,163 INFO o.a.j.t.JMeterThread: Thread finished: Thread Group 1-20
2025-02-05 12:10:44,163 INFO o.a.j.t.JMeterThread: Stopping because end time detected by thread: Thread Group 1-8
2025-02-05 12:10:44,163 INFO o.a.j.t.JMeterThread: Thread finished: Thread Group 1-8
2025-02-05 12:10:44,190 INFO o.a.j.t.JMeterThread: Stopping because end time detected by thread: Thread Group 1-48
2025-02-05 12:10:44,190 INFO o.a.j.t.JMeterThread: Thread finished: Thread Group 1-48
2025-02-05 12:10:44,209 INFO o.a.j.t.JMeterThread: Stopping because end time detected by thread: Thread Group 1-24
2025-02-05 12:10:44,209 INFO o.a.j.t.JMeterThread: Thread finished: Thread Group 1-24
2025-02-05 12:10:44,216 INFO o.a.j.t.JMeterThread: Stopping because end time detected by thread: Thread Group 1-15
2025-02-05 12:10:44,217 INFO o.a.j.t.JMeterThread: Thread finished: Thread Group 1-15
2025-02-05 12:10:44,223 INFO o.a.j.t.JMeterThread: Stopping because end time detected by thread: Thread Group 1-41
2025-02-05 12:10:44,223 INFO o.a.j.t.JMeterThread: Thread finished: Thread Group 1-41
2025-02-05 12:10:44,256 INFO o.a.j.t.JMeterThread: Stopping because end time detected by thread: Thread Group 1-46
2025-02-05 12:10:44,256 INFO o.a.j.t.JMeterThread: Thread finished: Thread Group 1-46
2025-02-05 12:10:44,408 INFO o.a.j.t.JMeterThread: Stopping because end time detected by thread: Thread Group 1-14
2025-02-05 12:10:44,408 INFO o.a.j.t.JMeterThread: Thread finished: Thread Group 1-14
2025-02-05 12:10:44,412 INFO o.a.j.t.JMeterThread: Stopping because end time detected by thread: Thread Group 1-12
2025-02-05 12:10:44,412 INFO o.a.j.t.JMeterThread: Thread finished: Thread Group 1-12
2025-02-05 12:10:44,473 INFO o.a.j.t.JMeterThread: Stopping because end time detected by thread: Thread Group 1-22
2025-02-05 12:10:44,473 INFO o.a.j.t.JMeterThread: Thread finished: Thread Group 1-22
2025-02-05 12:10:44,476 INFO o.a.j.t.JMeterThread: Stopping because end time detected by thread: Thread Group 1-33
2025-02-05 12:10:44,478 INFO o.a.j.t.JMeterThread: Thread finished: Thread Group 1-33
2025-02-05 12:10:44,483 INFO o.a.j.t.JMeterThread: Stopping because end time detected by thread: Thread Group 1-10
2025-02-05 12:10:44,483 INFO o.a.j.t.JMeterThread: Thread finished: Thread Group 1-10
2025-02-05 12:10:44,539 INFO o.a.j.t.JMeterThread: Stopping because end time detected by thread: Thread Group 1-9
2025-02-05 12:10:44,539 INFO o.a.j.t.JMeterThread: Stopping because end time detected by thread: Thread Group 1-5
2025-02-05 12:10:44,539 INFO o.a.j.t.JMeterThread: Thread finished: Thread Group 1-9
2025-02-05 12:10:44,539 INFO o.a.j.t.JMeterThread: Thread finished: Thread Group 1-5
2025-02-05 12:10:44,585 INFO o.a.j.t.JMeterThread: Stopping because end time detected by thread: Thread Group 1-38
2025-02-05 12:10:44,585 INFO o.a.j.t.JMeterThread: Thread finished: Thread Group 1-38
2025-02-05 12:10:44,595 INFO o.a.j.t.JMeterThread: Stopping because end time detected by thread: Thread Group 1-28
2025-02-05 12:10:44,595 INFO o.a.j.t.JMeterThread: Thread finished: Thread Group 1-28
2025-02-05 12:10:44,626 INFO o.a.j.t.JMeterThread: Stopping because end time detected by thread: Thread Group 1-2
2025-02-05 12:10:44,628 INFO o.a.j.t.JMeterThread: Thread finished: Thread Group 1-2
2025-02-05 12:10:44,657 INFO o.a.j.t.JMeterThread: Stopping because end time detected by thread: Thread Group 1-17
2025-02-05 12:10:44,658 INFO o.a.j.t.JMeterThread: Thread finished: Thread Group 1-17
2025-02-05 12:10:44,659 INFO o.a.j.t.JMeterThread: Stopping because end time detected by thread: Thread Group 1-39
2025-02-05 12:10:44,659 INFO o.a.j.t.JMeterThread: Thread finished: Thread Group 1-39
2025-02-05 12:10:44,693 INFO o.a.j.t.JMeterThread: Stopping because end time detected by thread: Thread Group 1-50
2025-02-05 12:10:44,693 INFO o.a.j.t.JMeterThread: Thread finished: Thread Group 1-50
2025-02-05 12:10:44,734 INFO o.a.j.t.JMeterThread: Stopping because end time detected by thread: Thread Group 1-26
2025-02-05 12:10:44,734 INFO o.a.j.t.JMeterThread: Thread finished: Thread Group 1-26
2025-02-05 12:10:44,774 INFO o.a.j.t.JMeterThread: Stopping because end time detected by thread: Thread Group 1-37
2025-02-05 12:10:44,774 INFO o.a.j.t.JMeterThread: Thread finished: Thread Group 1-37
2025-02-05 12:10:44,796 INFO o.a.j.t.JMeterThread: Stopping because end time detected by thread: Thread Group 1-7
2025-02-05 12:10:44,798 INFO o.a.j.t.JMeterThread: Thread finished: Thread Group 1-7
2025-02-05 12:10:44,834 INFO o.a.j.t.JMeterThread: Stopping because end time detected by thread: Thread Group 1-44
2025-02-05 12:10:44,834 INFO o.a.j.t.JMeterThread: Thread finished: Thread Group 1-44
2025-02-05 12:10:44,868 INFO o.a.j.t.JMeterThread: Stopping because end time detected by thread: Thread Group 1-30
2025-02-05 12:10:44,869 INFO o.a.j.t.JMeterThread: Thread finished: Thread Group 1-30
2025-02-05 12:10:44,913 INFO o.a.j.t.JMeterThread: Stopping because end time detected by thread: Thread Group 1-27
2025-02-05 12:10:44,913 INFO o.a.j.t.JMeterThread: Thread finished: Thread Group 1-27
2025-02-05 12:10:45,071 INFO o.a.j.t.JMeterThread: Stopping because end time detected by thread: Thread Group 1-29
2025-02-05 12:10:45,072 INFO o.a.j.t.JMeterThread: Thread finished: Thread Group 1-29
2025-02-05 12:10:45,414 INFO o.a.j.t.JMeterThread: Stopping because end time detected by thread: Thread Group 1-1
2025-02-05 12:10:45,414 INFO o.a.j.t.JMeterThread: Thread finished: Thread Group 1-1
2025-02-05 12:10:45,488 INFO o.a.j.t.JMeterThread: Stopping because end time detected by thread: Thread Group 1-3
2025-02-05 12:10:45,488 INFO o.a.j.t.JMeterThread: Thread finished: Thread Group 1-3
2025-02-05 12:10:45,574 INFO o.a.j.t.JMeterThread: Stopping because end time detected by thread: Thread Group 1-42
2025-02-05 12:10:45,574 INFO o.a.j.t.JMeterThread: Thread finished: Thread Group 1-42
2025-02-05 12:10:45,795 INFO o.a.j.t.JMeterThread: Stopping because end time detected by thread: Thread Group 1-6
2025-02-05 12:10:45,795 INFO o.a.j.t.JMeterThread: Thread finished: Thread Group 1-6
2025-02-05 12:10:45,894 INFO o.a.j.t.JMeterThread: Stopping because end time detected by thread: Thread Group 1-13
2025-02-05 12:10:45,894 INFO o.a.j.t.JMeterThread: Thread finished: Thread Group 1-13
2025-02-05 12:10:46,029 INFO o.a.j.t.JMeterThread: Stopping because end time detected by thread: Thread Group 1-45
2025-02-05 12:10:46,030 INFO o.a.j.t.JMeterThread: Thread finished: Thread Group 1-45
2025-02-05 12:10:51,994 INFO o.a.j.t.JMeterThread: Stopping because end time detected by thread: Thread Group 1-40
2025-02-05 12:10:51,995 INFO o.a.j.t.JMeterThread: Thread finished: Thread Group 1-40
2025-02-05 12:10:51,996 INFO o.a.j.e.StandardJMeterEngine: Notifying test listeners of end of test
2025-02-05 12:10:51,996 INFO o.a.j.g.u.JMeterMenuBar: setRunning(false, *local*)
